
Start of Skript:
2024-05-27 14:04:13 INFO     : "Tello instance was initialized. Host: '192.168.10.1'. Port: '8889'."
2024-05-27 14:04:13 INFO     : "Send command: 'command'"
2024-05-27 14:04:13 INFO     : "Response command: 'ok'"
2024-05-27 14:04:13 WARNING  : "battery: 92 | temperature: <bound method Tello.get_temperature of <djitellopy.tello.Tello object at 0x000002349597FBD0>>"

Start of Skript:
2024-05-27 14:05:15 INFO     : "Tello instance was initialized. Host: '192.168.10.1'. Port: '8889'."
2024-05-27 14:05:15 INFO     : "Send command: 'command'"
2024-05-27 14:05:16 INFO     : "Response command: 'ok'"
2024-05-27 14:05:16 WARNING  : "battery: 90 | temperature: <bound method Tello.get_temperature of <djitellopy.tello.Tello object at 0x0000024DFF493350>>"
2024-05-27 14:05:16 INFO     : "next img number: 0000"
2024-05-27 14:05:17 ERROR    : "non-existing PPS 0 referenced"
2024-05-27 14:05:17 ERROR    : "non-existing PPS 0 referenced"
2024-05-27 14:05:17 ERROR    : "decode_slice_header error"
2024-05-27 14:05:17 ERROR    : "no frame!"
2024-05-27 14:05:17 ERROR    : "non-existing PPS 0 referenced"
2024-05-27 14:05:17 ERROR    : "non-existing PPS 0 referenced"
2024-05-27 14:05:17 ERROR    : "decode_slice_header error"
2024-05-27 14:05:17 ERROR    : "no frame!"
2024-05-27 14:05:17 ERROR    : "non-existing PPS 0 referenced"
2024-05-27 14:05:17 ERROR    : "non-existing PPS 0 referenced"
2024-05-27 14:05:17 ERROR    : "decode_slice_header error"
2024-05-27 14:05:17 ERROR    : "no frame!"
2024-05-27 14:05:17 ERROR    : "non-existing PPS 0 referenced"
2024-05-27 14:05:17 ERROR    : "non-existing PPS 0 referenced"
2024-05-27 14:05:17 ERROR    : "decode_slice_header error"
2024-05-27 14:05:17 ERROR    : "no frame!"
2024-05-27 14:05:17 ERROR    : "non-existing PPS 0 referenced"
2024-05-27 14:05:17 ERROR    : "non-existing PPS 0 referenced"
2024-05-27 14:05:17 ERROR    : "decode_slice_header error"
2024-05-27 14:05:17 ERROR    : "no frame!"
2024-05-27 14:05:17 ERROR    : "non-existing PPS 0 referenced"
2024-05-27 14:05:17 ERROR    : "non-existing PPS 0 referenced"
2024-05-27 14:05:17 ERROR    : "decode_slice_header error"
2024-05-27 14:05:17 ERROR    : "no frame!"
2024-05-27 14:05:17 ERROR    : "non-existing PPS 0 referenced"
2024-05-27 14:05:17 ERROR    : "non-existing PPS 0 referenced"
2024-05-27 14:05:17 ERROR    : "decode_slice_header error"
2024-05-27 14:05:17 ERROR    : "no frame!"
2024-05-27 14:05:17 ERROR    : "non-existing PPS 0 referenced"
2024-05-27 14:05:17 ERROR    : "non-existing PPS 0 referenced"
2024-05-27 14:05:17 ERROR    : "decode_slice_header error"
2024-05-27 14:05:17 ERROR    : "no frame!"
2024-05-27 14:05:17 ERROR    : "non-existing PPS 0 referenced"
2024-05-27 14:05:17 ERROR    : "non-existing PPS 0 referenced"
2024-05-27 14:05:17 ERROR    : "decode_slice_header error"
2024-05-27 14:05:17 ERROR    : "no frame!"
2024-05-27 14:05:17 ERROR    : "non-existing PPS 0 referenced"
2024-05-27 14:05:17 ERROR    : "non-existing PPS 0 referenced"
2024-05-27 14:05:17 ERROR    : "decode_slice_header error"
2024-05-27 14:05:17 ERROR    : "no frame!"
2024-05-27 14:05:17 ERROR    : "non-existing PPS 0 referenced"
2024-05-27 14:05:17 ERROR    : "non-existing PPS 0 referenced"
2024-05-27 14:05:17 ERROR    : "decode_slice_header error"
2024-05-27 14:05:17 ERROR    : "no frame!"
2024-05-27 14:05:17 ERROR    : "non-existing PPS 0 referenced"
2024-05-27 14:05:17 ERROR    : "non-existing PPS 0 referenced"
2024-05-27 14:05:17 ERROR    : "decode_slice_header error"
2024-05-27 14:05:17 ERROR    : "no frame!"
2024-05-27 14:05:17 ERROR    : "non-existing PPS 0 referenced"
2024-05-27 14:05:17 ERROR    : "non-existing PPS 0 referenced"
2024-05-27 14:05:17 ERROR    : "decode_slice_header error"
2024-05-27 14:05:17 ERROR    : "no frame!"
2024-05-27 14:05:17 ERROR    : "non-existing PPS 0 referenced"
2024-05-27 14:05:17 ERROR    : "non-existing PPS 0 referenced"
2024-05-27 14:05:17 ERROR    : "decode_slice_header error"
2024-05-27 14:05:17 ERROR    : "no frame!"
2024-05-27 14:05:17 ERROR    : "non-existing PPS 0 referenced"
2024-05-27 14:05:17 ERROR    : "non-existing PPS 0 referenced"
2024-05-27 14:05:17 ERROR    : "decode_slice_header error"
2024-05-27 14:05:17 ERROR    : "no frame!"
2024-05-27 14:05:17 ERROR    : "non-existing PPS 0 referenced"
2024-05-27 14:05:17 ERROR    : "non-existing PPS 0 referenced"
2024-05-27 14:05:17 ERROR    : "decode_slice_header error"
2024-05-27 14:05:17 ERROR    : "no frame!"
2024-05-27 14:05:17 ERROR    : "non-existing PPS 0 referenced"
2024-05-27 14:05:17 ERROR    : "non-existing PPS 0 referenced"
2024-05-27 14:05:17 ERROR    : "decode_slice_header error"
2024-05-27 14:05:17 ERROR    : "no frame!"
2024-05-27 14:05:17 ERROR    : "non-existing PPS 0 referenced"
2024-05-27 14:05:17 ERROR    : "non-existing PPS 0 referenced"
2024-05-27 14:05:17 ERROR    : "decode_slice_header error"
2024-05-27 14:05:17 ERROR    : "no frame!"
2024-05-27 14:05:17 ERROR    : "non-existing PPS 0 referenced"
2024-05-27 14:05:17 ERROR    : "non-existing PPS 0 referenced"
2024-05-27 14:05:17 ERROR    : "decode_slice_header error"
2024-05-27 14:05:17 ERROR    : "no frame!"
2024-05-27 14:05:17 ERROR    : "non-existing PPS 0 referenced"
2024-05-27 14:05:17 ERROR    : "non-existing PPS 0 referenced"
2024-05-27 14:05:17 ERROR    : "decode_slice_header error"
2024-05-27 14:05:17 ERROR    : "no frame!"
2024-05-27 14:05:18 WARNING  : "temperature: 68.5"
2024-05-27 14:05:18 WARNING  : "temperature: 69.0"
2024-05-27 14:05:19 ERROR    : "error while decoding MB 52 40, bytestream -8"
2024-05-27 14:05:20 WARNING  : "temperature: 69.5"
2024-05-27 14:05:20 WARNING  : "temperature: 70.0"
2024-05-27 14:05:21 WARNING  : "temperature: 69.5"
2024-05-27 14:05:23 WARNING  : "temperature: 70.0"
2024-05-27 14:05:24 WARNING  : "temperature: 70.5"
2024-05-27 14:05:31 WARNING  : "temperature: 71.0"
2024-05-27 14:05:33 WARNING  : "temperature: 70.0"
2024-05-27 14:05:34 WARNING  : "temperature: 70.5"
2024-05-27 14:05:35 WARNING  : "temperature: 70.0"
2024-05-27 14:05:36 WARNING  : "battery: 89"
2024-05-27 14:05:37 WARNING  : "temperature: 70.5"
2024-05-27 14:05:38 WARNING  : "temperature: 70.0"
2024-05-27 14:05:38 WARNING  : "battery: 88"
2024-05-27 14:05:40 WARNING  : "temperature: 70.5"
2024-05-27 14:05:40 WARNING  : "battery: 87"
2024-05-27 14:05:44 WARNING  : "battery: 86"
2024-05-27 14:05:44 WARNING  : "temperature: 70.0"
2024-05-27 14:05:45 WARNING  : "temperature: 70.5"
2024-05-27 14:05:46 WARNING  : "temperature: 71.0"

Start of Skript:
2024-05-27 14:47:52 INFO     : "Tello instance was initialized. Host: '192.168.10.1'. Port: '8889'."
2024-05-27 14:47:52 INFO     : "Send command: 'command'"
2024-05-27 14:47:52 INFO     : "Response command: 'ok'"
2024-05-27 14:47:52 WARNING  : "battery: 83 | temperature: <bound method Tello.get_temperature of <djitellopy.tello.Tello object at 0x000001B9779E9B50>>"
2024-05-27 14:47:52 INFO     : "next img number: 0000"
2024-05-27 14:47:53 ERROR    : "non-existing PPS 0 referenced"
2024-05-27 14:47:53 ERROR    : "non-existing PPS 0 referenced"
2024-05-27 14:47:53 ERROR    : "decode_slice_header error"
2024-05-27 14:47:53 ERROR    : "no frame!"
2024-05-27 14:47:53 ERROR    : "non-existing PPS 0 referenced"
2024-05-27 14:47:53 ERROR    : "non-existing PPS 0 referenced"
2024-05-27 14:47:53 ERROR    : "decode_slice_header error"
2024-05-27 14:47:53 ERROR    : "no frame!"
2024-05-27 14:47:53 ERROR    : "non-existing PPS 0 referenced"
2024-05-27 14:47:53 ERROR    : "non-existing PPS 0 referenced"
2024-05-27 14:47:53 ERROR    : "decode_slice_header error"
2024-05-27 14:47:53 ERROR    : "no frame!"
2024-05-27 14:47:53 ERROR    : "non-existing PPS 0 referenced"
2024-05-27 14:47:53 ERROR    : "non-existing PPS 0 referenced"
2024-05-27 14:47:53 ERROR    : "decode_slice_header error"
2024-05-27 14:47:53 ERROR    : "no frame!"
2024-05-27 14:47:53 ERROR    : "non-existing PPS 0 referenced"
2024-05-27 14:47:53 ERROR    : "non-existing PPS 0 referenced"
2024-05-27 14:47:53 ERROR    : "decode_slice_header error"
2024-05-27 14:47:53 ERROR    : "no frame!"
2024-05-27 14:47:53 ERROR    : "non-existing PPS 0 referenced"
2024-05-27 14:47:53 ERROR    : "non-existing PPS 0 referenced"
2024-05-27 14:47:53 ERROR    : "decode_slice_header error"
2024-05-27 14:47:53 ERROR    : "no frame!"
2024-05-27 14:47:53 ERROR    : "non-existing PPS 0 referenced"
2024-05-27 14:47:53 ERROR    : "non-existing PPS 0 referenced"
2024-05-27 14:47:53 ERROR    : "decode_slice_header error"
2024-05-27 14:47:53 ERROR    : "no frame!"
2024-05-27 14:47:53 ERROR    : "non-existing PPS 0 referenced"
2024-05-27 14:47:53 ERROR    : "non-existing PPS 0 referenced"
2024-05-27 14:47:53 ERROR    : "decode_slice_header error"
2024-05-27 14:47:53 ERROR    : "no frame!"
2024-05-27 14:47:53 ERROR    : "non-existing PPS 0 referenced"
2024-05-27 14:47:53 ERROR    : "non-existing PPS 0 referenced"
2024-05-27 14:47:53 ERROR    : "decode_slice_header error"
2024-05-27 14:47:53 ERROR    : "no frame!"
2024-05-27 14:47:53 ERROR    : "non-existing PPS 0 referenced"
2024-05-27 14:47:53 ERROR    : "non-existing PPS 0 referenced"
2024-05-27 14:47:53 ERROR    : "decode_slice_header error"
2024-05-27 14:47:53 ERROR    : "no frame!"
2024-05-27 14:47:53 ERROR    : "non-existing PPS 0 referenced"
2024-05-27 14:47:53 ERROR    : "non-existing PPS 0 referenced"
2024-05-27 14:47:53 ERROR    : "decode_slice_header error"
2024-05-27 14:47:53 ERROR    : "no frame!"
2024-05-27 14:47:53 ERROR    : "non-existing PPS 0 referenced"
2024-05-27 14:47:53 ERROR    : "non-existing PPS 0 referenced"
2024-05-27 14:47:53 ERROR    : "decode_slice_header error"
2024-05-27 14:47:53 ERROR    : "no frame!"
2024-05-27 14:47:53 ERROR    : "non-existing PPS 0 referenced"
2024-05-27 14:47:53 ERROR    : "non-existing PPS 0 referenced"
2024-05-27 14:47:53 ERROR    : "decode_slice_header error"
2024-05-27 14:47:53 ERROR    : "no frame!"
2024-05-27 14:47:53 ERROR    : "non-existing PPS 0 referenced"
2024-05-27 14:47:53 ERROR    : "non-existing PPS 0 referenced"
2024-05-27 14:47:53 ERROR    : "decode_slice_header error"
2024-05-27 14:47:53 ERROR    : "no frame!"
2024-05-27 14:47:53 ERROR    : "non-existing PPS 0 referenced"
2024-05-27 14:47:53 ERROR    : "non-existing PPS 0 referenced"
2024-05-27 14:47:53 ERROR    : "decode_slice_header error"
2024-05-27 14:47:53 ERROR    : "no frame!"
2024-05-27 14:47:53 ERROR    : "non-existing PPS 0 referenced"
2024-05-27 14:47:53 ERROR    : "non-existing PPS 0 referenced"
2024-05-27 14:47:53 ERROR    : "decode_slice_header error"
2024-05-27 14:47:53 ERROR    : "no frame!"
2024-05-27 14:47:53 ERROR    : "non-existing PPS 0 referenced"
2024-05-27 14:47:53 ERROR    : "non-existing PPS 0 referenced"
2024-05-27 14:47:53 ERROR    : "decode_slice_header error"
2024-05-27 14:47:53 ERROR    : "no frame!"
2024-05-27 14:47:53 ERROR    : "non-existing PPS 0 referenced"
2024-05-27 14:47:53 ERROR    : "non-existing PPS 0 referenced"
2024-05-27 14:47:53 ERROR    : "decode_slice_header error"
2024-05-27 14:47:53 ERROR    : "no frame!"
2024-05-27 14:47:53 ERROR    : "non-existing PPS 0 referenced"
2024-05-27 14:47:53 ERROR    : "non-existing PPS 0 referenced"
2024-05-27 14:47:53 ERROR    : "decode_slice_header error"
2024-05-27 14:47:53 ERROR    : "no frame!"
2024-05-27 14:47:53 ERROR    : "non-existing PPS 0 referenced"
2024-05-27 14:47:53 ERROR    : "non-existing PPS 0 referenced"
2024-05-27 14:47:53 ERROR    : "decode_slice_header error"
2024-05-27 14:47:53 ERROR    : "no frame!"
2024-05-27 14:47:53 ERROR    : "non-existing PPS 0 referenced"
2024-05-27 14:47:53 ERROR    : "non-existing PPS 0 referenced"
2024-05-27 14:47:53 ERROR    : "decode_slice_header error"
2024-05-27 14:47:53 ERROR    : "no frame!"
2024-05-27 14:47:53 ERROR    : "non-existing PPS 0 referenced"
2024-05-27 14:47:53 ERROR    : "non-existing PPS 0 referenced"
2024-05-27 14:47:53 ERROR    : "decode_slice_header error"
2024-05-27 14:47:53 ERROR    : "no frame!"
2024-05-27 14:47:53 ERROR    : "non-existing PPS 0 referenced"
2024-05-27 14:47:53 ERROR    : "non-existing PPS 0 referenced"
2024-05-27 14:47:53 ERROR    : "decode_slice_header error"
2024-05-27 14:47:53 ERROR    : "no frame!"
2024-05-27 14:47:53 ERROR    : "non-existing PPS 0 referenced"
2024-05-27 14:47:53 ERROR    : "non-existing PPS 0 referenced"
2024-05-27 14:47:53 ERROR    : "decode_slice_header error"
2024-05-27 14:47:53 ERROR    : "no frame!"
2024-05-27 14:47:53 ERROR    : "non-existing PPS 0 referenced"
2024-05-27 14:47:53 ERROR    : "non-existing PPS 0 referenced"
2024-05-27 14:47:53 ERROR    : "decode_slice_header error"
2024-05-27 14:47:53 ERROR    : "no frame!"
2024-05-27 14:47:53 ERROR    : "non-existing PPS 0 referenced"
2024-05-27 14:47:53 ERROR    : "non-existing PPS 0 referenced"
2024-05-27 14:47:53 ERROR    : "decode_slice_header error"
2024-05-27 14:47:53 ERROR    : "no frame!"
2024-05-27 14:47:53 ERROR    : "non-existing PPS 0 referenced"
2024-05-27 14:47:53 ERROR    : "non-existing PPS 0 referenced"
2024-05-27 14:47:53 ERROR    : "decode_slice_header error"
2024-05-27 14:47:53 ERROR    : "no frame!"
2024-05-27 14:47:53 ERROR    : "non-existing PPS 0 referenced"
2024-05-27 14:47:53 ERROR    : "non-existing PPS 0 referenced"
2024-05-27 14:47:53 ERROR    : "decode_slice_header error"
2024-05-27 14:47:53 ERROR    : "no frame!"
2024-05-27 14:47:53 ERROR    : "non-existing PPS 0 referenced"
2024-05-27 14:47:53 ERROR    : "non-existing PPS 0 referenced"
2024-05-27 14:47:53 ERROR    : "decode_slice_header error"
2024-05-27 14:47:53 ERROR    : "no frame!"
2024-05-27 14:47:54 WARNING  : "temperature: 59.5"
2024-05-27 14:47:55 WARNING  : "temperature: 60.0"
2024-05-27 14:47:57 WARNING  : "temperature: 60.5"
2024-05-27 14:47:58 WARNING  : "temperature: 60.0"
2024-05-27 14:47:59 WARNING  : "temperature: 60.5"
2024-05-27 14:48:00 WARNING  : "temperature: 60.0"
2024-05-27 14:48:00 ERROR    : "left block unavailable for requested intra mode"
2024-05-27 14:48:00 ERROR    : "error while decoding MB 0 21, bytestream 6303"
2024-05-27 14:48:01 WARNING  : "temperature: 61.0"
2024-05-27 14:48:02 WARNING  : "battery: 82"
2024-05-27 14:48:02 WARNING  : "temperature: 61.5"
2024-05-27 14:48:03 WARNING  : "temperature: 61.0"
2024-05-27 14:48:04 WARNING  : "temperature: 61.5"
2024-05-27 14:48:05 WARNING  : "temperature: 61.0"
2024-05-27 14:48:06 WARNING  : "temperature: 62.0"
2024-05-27 14:48:07 WARNING  : "temperature: 63.0"
2024-05-27 14:48:08 WARNING  : "temperature: 62.0"
2024-05-27 14:48:09 WARNING  : "temperature: 62.5"
2024-05-27 14:48:11 WARNING  : "temperature: 63.0"
2024-05-27 14:48:13 WARNING  : "temperature: 63.5"
2024-05-27 14:48:14 WARNING  : "temperature: 63.0"
2024-05-27 14:48:15 WARNING  : "temperature: 63.5"
2024-05-27 14:48:17 WARNING  : "temperature: 64.0"
2024-05-27 14:48:18 WARNING  : "battery: 81"
2024-05-27 14:48:19 ERROR    : "left block unavailable for requested intra mode"
2024-05-27 14:48:19 ERROR    : "error while decoding MB 0 12, bytestream 11984"
2024-05-27 14:48:20 WARNING  : "temperature: 64.5"
2024-05-27 14:48:22 WARNING  : "temperature: 65.0"
2024-05-27 14:48:26 WARNING  : "temperature: 65.5"
2024-05-27 14:48:28 WARNING  : "temperature: 66.0"
2024-05-27 14:48:33 WARNING  : "temperature: 66.5"
2024-05-27 14:48:34 WARNING  : "temperature: 67.0"
2024-05-27 14:48:35 WARNING  : "temperature: 66.0"
2024-05-27 14:48:36 WARNING  : "temperature: 67.5"
2024-05-27 14:48:40 WARNING  : "temperature: 67.0"
2024-05-27 14:48:41 WARNING  : "temperature: 67.5"
2024-05-27 14:48:42 WARNING  : "temperature: 68.0"
2024-05-27 14:48:43 WARNING  : "temperature: 69.0"
2024-05-27 14:48:44 WARNING  : "temperature: 68.5"
2024-05-27 14:48:47 WARNING  : "temperature: 69.0"
2024-05-27 14:48:49 WARNING  : "temperature: 68.5"
2024-05-27 14:48:51 WARNING  : "temperature: 69.0"
2024-05-27 14:48:52 WARNING  : "temperature: 69.5"
2024-05-27 14:48:53 WARNING  : "temperature: 70.0"
2024-05-27 14:48:56 WARNING  : "temperature: 69.5"
2024-05-27 14:48:57 WARNING  : "temperature: 70.0"
2024-05-27 14:48:59 WARNING  : "temperature: 71.0"
2024-05-27 14:49:02 WARNING  : "temperature: 70.5"
2024-05-27 14:49:03 WARNING  : "temperature: 71.0"
2024-05-27 14:49:06 WARNING  : "battery: 80"
2024-05-27 14:49:06 WARNING  : "temperature: 72.0"
2024-05-27 14:49:07 WARNING  : "temperature: 71.5"
2024-05-27 14:49:09 WARNING  : "temperature: 72.0"
2024-05-27 14:49:10 WARNING  : "temperature: 72.5"
2024-05-27 14:49:11 WARNING  : "temperature: 72.0"
2024-05-27 14:49:13 WARNING  : "temperature: 72.5"
2024-05-27 14:49:13 ERROR    : "left block unavailable for requested intra mode"
2024-05-27 14:49:13 ERROR    : "error while decoding MB 0 41, bytestream 264"
2024-05-27 14:49:17 WARNING  : "temperature: 73.0"
2024-05-27 14:49:18 WARNING  : "temperature: 72.5"
2024-05-27 14:49:19 WARNING  : "temperature: 73.5"
2024-05-27 14:49:23 WARNING  : "temperature: 74.5"
2024-05-27 14:49:24 WARNING  : "temperature: 74.0"
2024-05-27 14:49:26 WARNING  : "temperature: 74.5"
2024-05-27 14:49:27 WARNING  : "temperature: 74.0"
2024-05-27 14:49:28 WARNING  : "temperature: 74.5"
2024-05-27 14:49:32 WARNING  : "temperature: 75.0"
2024-05-27 14:49:33 WARNING  : "temperature: 75.5"
2024-05-27 14:49:37 WARNING  : "temperature: 76.0"
2024-05-27 14:49:38 WARNING  : "temperature: 75.5"
2024-05-27 14:49:39 WARNING  : "temperature: 76.0"
2024-05-27 14:49:41 WARNING  : "temperature: 75.0"
2024-05-27 14:49:42 WARNING  : "battery: 79"
2024-05-27 14:49:42 WARNING  : "temperature: 76.5"
2024-05-27 14:49:43 WARNING  : "temperature: 77.0"
2024-05-27 14:49:44 WARNING  : "temperature: 76.0"
2024-05-27 14:49:45 WARNING  : "temperature: 76.5"
2024-05-27 14:49:46 WARNING  : "temperature: 77.0"
2024-05-27 14:49:49 WARNING  : "temperature: 76.5"
2024-05-27 14:49:50 WARNING  : "temperature: 77.0"
2024-05-27 14:49:52 WARNING  : "temperature: 77.5"
2024-05-27 14:49:53 WARNING  : "temperature: 78.0"
2024-05-27 14:49:56 WARNING  : "temperature: 77.0"
2024-05-27 14:49:56 WARNING  : "temperature: 77.5"
2024-05-27 14:49:57 WARNING  : "temperature: 78.0"
2024-05-27 14:50:01 WARNING  : "temperature: 78.5"
2024-05-27 14:50:02 WARNING  : "temperature: 79.0"
2024-05-27 14:50:05 WARNING  : "temperature: 78.5"
2024-05-27 14:50:06 WARNING  : "temperature: 79.0"
2024-05-27 14:50:10 WARNING  : "temperature: 79.5"
2024-05-27 14:50:11 WARNING  : "temperature: 79.0"
2024-05-27 14:50:15 WARNING  : "temperature: 79.5"
2024-05-27 14:50:15 WARNING  : "temperature: 80.5"
2024-05-27 14:50:17 WARNING  : "temperature: 80.0"
2024-05-27 14:50:19 WARNING  : "temperature: 80.5"
2024-05-27 14:50:22 WARNING  : "temperature: 81.0"
2024-05-27 14:50:24 WARNING  : "temperature: 80.5"
2024-05-27 14:50:25 WARNING  : "temperature: 81.0"
2024-05-27 14:50:37 WARNING  : "temperature: 79.5"
2024-05-27 14:50:38 ERROR    : "error while decoding MB 40 40, bytestream -5"
2024-05-27 14:50:39 ERROR    : "error while decoding MB 2 44, bytestream -6"
2024-05-27 14:50:41 WARNING  : "temperature: 79.0"
2024-05-27 14:50:43 WARNING  : "temperature: 78.5"
2024-05-27 14:50:47 WARNING  : "temperature: 79.0"
2024-05-27 14:50:48 WARNING  : "temperature: 78.5"
2024-05-27 14:50:49 WARNING  : "battery: 78"
2024-05-27 14:50:50 WARNING  : "temperature: 78.0"
2024-05-27 14:50:52 WARNING  : "battery: 77"
2024-05-27 14:50:52 WARNING  : "temperature: 78.5"
2024-05-27 14:50:53 WARNING  : "temperature: 78.0"
2024-05-27 14:50:55 WARNING  : "temperature: 78.5"
2024-05-27 14:50:56 ERROR    : "left block unavailable for requested intra mode"
2024-05-27 14:50:56 ERROR    : "error while decoding MB 0 17, bytestream 7149"
2024-05-27 14:50:56 WARNING  : "battery: 76"
2024-05-27 14:50:56 WARNING  : "temperature: 78.0"
2024-05-27 14:50:57 WARNING  : "temperature: 78.5"
2024-05-27 14:50:58 WARNING  : "temperature: 78.0"
2024-05-27 14:50:59 WARNING  : "temperature: 77.5"
2024-05-27 14:51:02 WARNING  : "battery: 75"
2024-05-27 14:51:02 WARNING  : "temperature: 78.0"
2024-05-27 14:51:03 WARNING  : "temperature: 77.5"
2024-05-27 14:51:04 WARNING  : "temperature: 78.5"
2024-05-27 14:51:05 WARNING  : "temperature: 77.5"
2024-05-27 14:51:07 WARNING  : "temperature: 78.0"
2024-05-27 14:51:08 WARNING  : "battery: 74"
2024-05-27 14:51:08 WARNING  : "temperature: 77.5"
2024-05-27 14:51:09 WARNING  : "temperature: 78.0"
2024-05-27 14:51:10 WARNING  : "temperature: 77.5"
2024-05-27 14:51:12 WARNING  : "temperature: 78.0"
2024-05-27 14:51:14 WARNING  : "temperature: 77.5"
2024-05-27 14:51:15 WARNING  : "battery: 73"
2024-05-27 14:51:16 WARNING  : "temperature: 78.0"
2024-05-27 14:51:17 WARNING  : "temperature: 77.5"
2024-05-27 14:51:22 WARNING  : "temperature: 78.0"
2024-05-27 14:51:23 WARNING  : "temperature: 77.5"
2024-05-27 14:51:24 WARNING  : "temperature: 78.0"
2024-05-27 14:51:25 WARNING  : "temperature: 78.5"
2024-05-27 14:51:26 WARNING  : "temperature: 78.0"
2024-05-27 14:51:28 WARNING  : "temperature: 79.0"
2024-05-27 14:51:29 WARNING  : "temperature: 78.0"
2024-05-27 14:51:30 WARNING  : "temperature: 78.5"

Start of Skript:
2024-05-27 14:54:35 INFO     : "Tello instance was initialized. Host: '192.168.10.1'. Port: '8889'."
2024-05-27 14:54:35 INFO     : "Send command: 'command'"
2024-05-27 14:54:35 INFO     : "Response command: 'ok'"
2024-05-27 14:54:35 WARNING  : "battery: 69 | temperature: <bound method Tello.get_temperature of <djitellopy.tello.Tello object at 0x00000184FD2D4950>>"
2024-05-27 14:54:35 INFO     : "next img number: 0000"
2024-05-27 14:54:36 ERROR    : "non-existing PPS 0 referenced"
2024-05-27 14:54:36 ERROR    : "non-existing PPS 0 referenced"
2024-05-27 14:54:36 ERROR    : "decode_slice_header error"
2024-05-27 14:54:36 ERROR    : "no frame!"
2024-05-27 14:54:36 ERROR    : "non-existing PPS 0 referenced"
2024-05-27 14:54:36 ERROR    : "non-existing PPS 0 referenced"
2024-05-27 14:54:36 ERROR    : "decode_slice_header error"
2024-05-27 14:54:36 ERROR    : "no frame!"
2024-05-27 14:54:36 ERROR    : "non-existing PPS 0 referenced"
2024-05-27 14:54:36 ERROR    : "non-existing PPS 0 referenced"
2024-05-27 14:54:36 ERROR    : "decode_slice_header error"
2024-05-27 14:54:36 ERROR    : "no frame!"
2024-05-27 14:54:36 ERROR    : "non-existing PPS 0 referenced"
2024-05-27 14:54:36 ERROR    : "non-existing PPS 0 referenced"
2024-05-27 14:54:36 ERROR    : "decode_slice_header error"
2024-05-27 14:54:36 ERROR    : "no frame!"
2024-05-27 14:54:36 ERROR    : "non-existing PPS 0 referenced"
2024-05-27 14:54:36 ERROR    : "non-existing PPS 0 referenced"
2024-05-27 14:54:36 ERROR    : "decode_slice_header error"
2024-05-27 14:54:36 ERROR    : "no frame!"
2024-05-27 14:54:36 ERROR    : "non-existing PPS 0 referenced"
2024-05-27 14:54:36 ERROR    : "non-existing PPS 0 referenced"
2024-05-27 14:54:36 ERROR    : "decode_slice_header error"
2024-05-27 14:54:36 ERROR    : "no frame!"
2024-05-27 14:54:36 ERROR    : "non-existing PPS 0 referenced"
2024-05-27 14:54:36 ERROR    : "non-existing PPS 0 referenced"
2024-05-27 14:54:36 ERROR    : "decode_slice_header error"
2024-05-27 14:54:36 ERROR    : "no frame!"
2024-05-27 14:54:36 ERROR    : "non-existing PPS 0 referenced"
2024-05-27 14:54:36 ERROR    : "non-existing PPS 0 referenced"
2024-05-27 14:54:36 ERROR    : "decode_slice_header error"
2024-05-27 14:54:36 ERROR    : "no frame!"
2024-05-27 14:54:36 ERROR    : "non-existing PPS 0 referenced"
2024-05-27 14:54:36 ERROR    : "non-existing PPS 0 referenced"
2024-05-27 14:54:36 ERROR    : "decode_slice_header error"
2024-05-27 14:54:36 ERROR    : "no frame!"
2024-05-27 14:54:36 ERROR    : "non-existing PPS 0 referenced"
2024-05-27 14:54:36 ERROR    : "non-existing PPS 0 referenced"
2024-05-27 14:54:36 ERROR    : "decode_slice_header error"
2024-05-27 14:54:36 ERROR    : "no frame!"
2024-05-27 14:54:36 ERROR    : "non-existing PPS 0 referenced"
2024-05-27 14:54:36 ERROR    : "non-existing PPS 0 referenced"
2024-05-27 14:54:36 ERROR    : "decode_slice_header error"
2024-05-27 14:54:36 ERROR    : "no frame!"
2024-05-27 14:54:36 ERROR    : "non-existing PPS 0 referenced"
2024-05-27 14:54:36 ERROR    : "non-existing PPS 0 referenced"
2024-05-27 14:54:36 ERROR    : "decode_slice_header error"
2024-05-27 14:54:36 ERROR    : "no frame!"
2024-05-27 14:54:36 ERROR    : "non-existing PPS 0 referenced"
2024-05-27 14:54:36 ERROR    : "non-existing PPS 0 referenced"
2024-05-27 14:54:36 ERROR    : "decode_slice_header error"
2024-05-27 14:54:36 ERROR    : "no frame!"
2024-05-27 14:54:36 ERROR    : "non-existing PPS 0 referenced"
2024-05-27 14:54:36 ERROR    : "non-existing PPS 0 referenced"
2024-05-27 14:54:36 ERROR    : "decode_slice_header error"
2024-05-27 14:54:36 ERROR    : "no frame!"
2024-05-27 14:54:36 ERROR    : "non-existing PPS 0 referenced"
2024-05-27 14:54:36 ERROR    : "non-existing PPS 0 referenced"
2024-05-27 14:54:36 ERROR    : "decode_slice_header error"
2024-05-27 14:54:36 ERROR    : "no frame!"
2024-05-27 14:54:36 ERROR    : "non-existing PPS 0 referenced"
2024-05-27 14:54:36 ERROR    : "non-existing PPS 0 referenced"
2024-05-27 14:54:36 ERROR    : "decode_slice_header error"
2024-05-27 14:54:36 ERROR    : "no frame!"
2024-05-27 14:54:37 WARNING  : "temperature: 93.0"
2024-05-27 14:54:38 WARNING  : "temperature: 92.5"
2024-05-27 14:54:39 WARNING  : "temperature: 93.5"
2024-05-27 14:54:40 WARNING  : "temperature: 93.0"
2024-05-27 14:54:42 WARNING  : "temperature: 93.5"
2024-05-27 14:54:43 WARNING  : "battery: 68"
2024-05-27 14:54:43 WARNING  : "temperature: 93.0"
2024-05-27 14:54:44 WARNING  : "temperature: 92.5"
2024-05-27 14:54:45 WARNING  : "temperature: 93.0"
2024-05-27 14:54:47 WARNING  : "temperature: 93.5"
2024-05-27 14:54:49 WARNING  : "temperature: 94.5"
2024-05-27 14:54:50 WARNING  : "temperature: 93.5"
2024-05-27 14:54:51 WARNING  : "temperature: 94.0"
2024-05-27 14:54:52 WARNING  : "temperature: 95.0"
2024-05-27 14:54:58 WARNING  : "temperature: 92.5"
2024-05-27 14:54:59 WARNING  : "temperature: 91.5"
2024-05-27 14:55:00 WARNING  : "temperature: 91.0"
2024-05-27 14:55:04 WARNING  : "temperature: 90.0"
2024-05-27 14:55:06 WARNING  : "temperature: 89.5"
2024-05-27 14:55:07 WARNING  : "temperature: 89.0"
2024-05-27 14:55:11 WARNING  : "temperature: 88.5"
2024-05-27 14:55:14 WARNING  : "temperature: 87.5"
2024-05-27 14:55:15 ERROR    : "error while decoding MB 55 43, bytestream -10"
2024-05-27 14:55:16 WARNING  : "temperature: 87.0"
2024-05-27 14:55:19 WARNING  : "temperature: 86.5"
2024-05-27 14:55:20 WARNING  : "temperature: 86.0"
2024-05-27 14:55:23 WARNING  : "temperature: 85.5"
2024-05-27 14:55:27 WARNING  : "temperature: 85.0"
2024-05-27 14:55:28 WARNING  : "temperature: 84.5"
2024-05-27 14:55:29 WARNING  : "temperature: 85.0"
2024-05-27 14:55:31 WARNING  : "temperature: 84.5"
2024-05-27 14:55:33 WARNING  : "temperature: 84.0"
2024-05-27 14:55:34 WARNING  : "temperature: 83.5"
2024-05-27 14:55:35 WARNING  : "temperature: 84.0"
2024-05-27 14:55:37 WARNING  : "temperature: 83.5"
2024-05-27 14:55:39 WARNING  : "temperature: 84.0"
2024-05-27 14:55:40 WARNING  : "temperature: 83.5"
2024-05-27 14:55:41 WARNING  : "battery: 67"
2024-05-27 14:55:45 WARNING  : "temperature: 82.5"
2024-05-27 14:55:46 WARNING  : "temperature: 83.0"
2024-05-27 14:55:48 WARNING  : "temperature: 82.5"
2024-05-27 14:55:48 WARNING  : "battery: 66"
2024-05-27 14:55:49 WARNING  : "temperature: 83.0"
2024-05-27 14:55:50 WARNING  : "temperature: 82.5"
2024-05-27 14:55:51 WARNING  : "temperature: 82.0"
2024-05-27 14:55:52 WARNING  : "temperature: 83.0"
2024-05-27 14:55:53 WARNING  : "temperature: 82.0"
2024-05-27 14:55:55 WARNING  : "temperature: 81.5"
2024-05-27 14:55:56 WARNING  : "battery: 65"
2024-05-27 14:55:57 WARNING  : "temperature: 82.5"
2024-05-27 14:55:58 WARNING  : "temperature: 81.5"
2024-05-27 14:55:59 WARNING  : "temperature: 82.0"
2024-05-27 14:56:05 WARNING  : "temperature: 83.5"
